<?xml version="1.0" encoding="UTF-8"?>
<!-- Generated by org.testng.reporters.JUnitReportReporter -->
<testsuite hostname="mahi" failures="0" tests="1" name="login_test.login1" time="0.000" errors="0" timestamp="18 Mar 2023 06:49:34 GMT" skipped="1">
  <testcase classname="login_test.login1" name="VerifyTitle1" time="0.000">
    <skipped/>
  </testcase> <!-- VerifyTitle1 -->
</testsuite> <!-- login_test.login1 -->
