<?xml version="1.0" encoding="UTF-8"?>
<!-- Generated by org.testng.reporters.JUnitReportReporter -->
<testsuite hostname="mahi" failures="0" tests="6" name="com.screen_recording.testng" time="37.496" errors="0" timestamp="10 Mar 2023 05:26:27 GMT" skipped="0">
  <testcase classname="com.screen_recording.testng" name="VerifyUrl" time="4.042"/>
  <testcase classname="com.screen_recording.testng" name="VerifyTitle" time="2.015"/>
  <testcase classname="com.screen_recording.testng" name="user_pass" time="8.428"/>
  <testcase classname="com.screen_recording.testng" name="chk_out" time="8.291"/>
  <testcase classname="com.screen_recording.testng" name="chk_one_step" time="10.442"/>
  <testcase classname="com.screen_recording.testng" name="chk_finish" time="4.278"/>
</testsuite> <!-- com.screen_recording.testng -->
