<?xml version="1.0" encoding="UTF-8"?>
<!-- Generated by org.testng.reporters.JUnitReportReporter -->
<testsuite hostname="mahi" failures="0" tests="1" name="com.screen_recording.test_ng1" time="4.912" errors="0" timestamp="11 Mar 2023 17:55:14 GMT" skipped="0">
  <testcase classname="com.screen_recording.test_ng1" name="SelectProduct" time="4.912"/>
</testsuite> <!-- com.screen_recording.test_ng1 -->
