<?xml version="1.0" encoding="UTF-8"?>
<!-- Generated by org.testng.reporters.JUnitReportReporter -->
<testsuite hostname="mahi" failures="0" tests="2" name="testng.testng" time="4.062" errors="0" timestamp="09 Mar 2023 16:21:14 GMT" skipped="0">
  <testcase classname="testng.testng" name="VerifyUrl" time="4.050"/>
  <testcase classname="testng.testng" name="VerifyTitle" time="0.012"/>
</testsuite> <!-- testng.testng -->
